# JRE version: Java(TM) SE Runtime Environment (17.0.12+8) (build 17.0.12+8-LTS-286)
# Java VM: Java HotSpot(TM) 64-Bit Server VM (17.0.12+8-LTS-286, mixed mode, sharing, tiered, compressed oops, compressed class ptrs, g1 gc, windows-amd64)
GC Precious Log:
 CPUs: 2 total, 2 available
 Memory: 2013M
 Large Page Support: Disabled
 NUMA Support: Disabled
 Compressed Oops: Enabled (Zero based)
 Heap Region Size: 4M
 Heap Min Capacity: 8M
 Heap Initial Capacity: 32M
 Heap Max Capacity: 8G
 Pre-touch: Disabled
 Parallel Workers: 2
 Concurrent Workers: 1
 Concurrent Refinement Workers: 2
 Periodic GC: Disabled
Heap:
 garbage-first heap   total 1392640K, used 252084K [0x0000000600000000, 0x0000000800000000)
  region size 4096K, 3 young (12288K), 3 survivors (12288K)
 Metaspace       used 181339K, committed 182592K, reserved 1245184K
  class space    used 23269K, committed 23872K, reserved 1048576K
GC Heap History (20 events):
Event: 717.732 GC heap after
{Heap after GC invocations=110 (full 0):
 garbage-first heap   total 1392640K, used 178217K [0x0000000600000000, 0x0000000800000000)
  region size 4096K, 2 young (8192K), 2 survivors (8192K)
 Metaspace       used 160461K, committed 161600K, reserved 1245184K
  class space    used 21046K, committed 21632K, reserved 1048576K
}
Event: 718.894 GC heap before
{Heap before GC invocations=110 (full 0):
 garbage-first heap   total 1392640K, used 239657K [0x0000000600000000, 0x0000000800000000)
  region size 4096K, 17 young (69632K), 2 survivors (8192K)
 Metaspace       used 160464K, committed 161600K, reserved 1245184K
  class space    used 21046K, committed 21632K, reserved 1048576K
}
Event: 718.919 GC heap after
{Heap after GC invocations=111 (full 0):
 garbage-first heap   total 1392640K, used 179321K [0x0000000600000000, 0x0000000800000000)
  region size 4096K, 2 young (8192K), 2 survivors (8192K)
 Metaspace       used 160464K, committed 161600K, reserved 1245184K
  class space    used 21046K, committed 21632K, reserved 1048576K
}
Event: 721.878 GC heap before
{Heap before GC invocations=111 (full 0):
 garbage-first heap   total 1392640K, used 244857K [0x0000000600000000, 0x0000000800000000)
  region size 4096K, 17 young (69632K), 2 survivors (8192K)
 Metaspace       used 160464K, committed 161600K, reserved 1245184K
  class space    used 21046K, committed 21632K, reserved 1048576K
}
Event: 721.946 GC heap after
{Heap after GC invocations=112 (full 0):
 garbage-first heap   total 1392640K, used 176993K [0x0000000600000000, 0x0000000800000000)
  region size 4096K, 2 young (8192K), 2 survivors (8192K)
 Metaspace       used 160464K, committed 161600K, reserved 1245184K
  class space    used 21046K, committed 21632K, reserved 1048576K
}
Event: 723.160 GC heap before
{Heap before GC invocations=112 (full 0):
 garbage-first heap   total 1392640K, used 238433K [0x0000000600000000, 0x0000000800000000)
  region size 4096K, 17 young (69632K), 2 survivors (8192K)
 Metaspace       used 160464K, committed 161600K, reserved 1245184K
  class space    used 21046K, committed 21632K, reserved 1048576K
}
Event: 723.175 GC heap after
{Heap after GC invocations=113 (full 0):
 garbage-first heap   total 1392640K, used 177249K [0x0000000600000000, 0x0000000800000000)
  region size 4096K, 2 young (8192K), 2 survivors (8192K)
 Metaspace       used 160464K, committed 161600K, reserved 1245184K
  class space    used 21046K, committed 21632K, reserved 1048576K
}
Event: 727.946 GC heap before
{Heap before GC invocations=113 (full 0):
 garbage-first heap   total 1392640K, used 328801K [0x0000000600000000, 0x0000000800000000)
  region size 4096K, 39 young (159744K), 2 survivors (8192K)
 Metaspace       used 160464K, committed 161600K, reserved 1245184K
  class space    used 21046K, committed 21632K, reserved 1048576K
}
Event: 727.981 GC heap after
{Heap after GC invocations=114 (full 0):
 garbage-first heap   total 1392640K, used 178562K [0x0000000600000000, 0x0000000800000000)
  region size 4096K, 2 young (8192K), 2 survivors (8192K)
 Metaspace       used 160464K, committed 161600K, reserved 1245184K
  class space    used 21046K, committed 21632K, reserved 1048576K
}
Event: 733.382 GC heap before
{Heap before GC invocations=114 (full 0):
 garbage-first heap   total 1392640K, used 436610K [0x0000000600000000, 0x0000000800000000)
  region size 4096K, 65 young (266240K), 2 survivors (8192K)
 Metaspace       used 160464K, committed 161600K, reserved 1245184K
  class space    used 21046K, committed 21632K, reserved 1048576K
}
Event: 733.504 GC heap after
{Heap after GC invocations=115 (full 0):
 garbage-first heap   total 1392640K, used 171633K [0x0000000600000000, 0x0000000800000000)
  region size 4096K, 1 young (4096K), 1 survivors (4096K)
 Metaspace       used 160464K, committed 161600K, reserved 1245184K
  class space    used 21046K, committed 21632K, reserved 1048576K
}
Event: 755.092 GC heap before
{Heap before GC invocations=115 (full 0):
 garbage-first heap   total 1392640K, used 634481K [0x0000000600000000, 0x0000000800000000)
  region size 4096K, 113 young (462848K), 1 survivors (4096K)
 Metaspace       used 174577K, committed 175808K, reserved 1245184K
  class space    used 22439K, committed 23040K, reserved 1048576K
}
Event: 755.688 GC heap after
{Heap after GC invocations=116 (full 0):
 garbage-first heap   total 1392640K, used 203383K [0x0000000600000000, 0x0000000800000000)
  region size 4096K, 7 young (28672K), 7 survivors (28672K)
 Metaspace       used 174577K, committed 175808K, reserved 1245184K
  class space    used 22439K, committed 23040K, reserved 1048576K
}
Event: 757.685 GC heap before
{Heap before GC invocations=116 (full 0):
 garbage-first heap   total 1392640K, used 244343K [0x0000000600000000, 0x0000000800000000)
  region size 4096K, 17 young (69632K), 7 survivors (28672K)
 Metaspace       used 177876K, committed 179136K, reserved 1245184K
  class space    used 22861K, committed 23488K, reserved 1048576K
}
Event: 760.666 GC heap after
{Heap after GC invocations=117 (full 0):
 garbage-first heap   total 1392640K, used 211444K [0x0000000600000000, 0x0000000800000000)
  region size 4096K, 2 young (8192K), 2 survivors (8192K)
 Metaspace       used 177876K, committed 179136K, reserved 1245184K
  class space    used 22861K, committed 23488K, reserved 1048576K
}
Event: 761.664 GC heap before
{Heap before GC invocations=117 (full 0):
 garbage-first heap   total 1392640K, used 272884K [0x0000000600000000, 0x0000000800000000)
  region size 4096K, 17 young (69632K), 2 survivors (8192K)
 Metaspace       used 178439K, committed 179712K, reserved 1245184K
  class space    used 22911K, committed 23552K, reserved 1048576K
}
Event: 761.904 GC heap after
{Heap after GC invocations=118 (full 0):
 garbage-first heap   total 1392640K, used 224090K [0x0000000600000000, 0x0000000800000000)
  region size 4096K, 3 young (12288K), 3 survivors (12288K)
 Metaspace       used 178439K, committed 179712K, reserved 1245184K
  class space    used 22911K, committed 23552K, reserved 1048576K
}
Event: 766.328 GC heap before
{Heap before GC invocations=118 (full 0):
 garbage-first heap   total 1392640K, used 277338K [0x0000000600000000, 0x0000000800000000)
  region size 4096K, 17 young (69632K), 3 survivors (12288K)
 Metaspace       used 178753K, committed 180032K, reserved 1245184K
  class space    used 22938K, committed 23552K, reserved 1048576K
}
Event: 766.679 GC heap after
{Heap after GC invocations=119 (full 0):
 garbage-first heap   total 1392640K, used 237113K [0x0000000600000000, 0x0000000800000000)
  region size 4096K, 3 young (12288K), 3 survivors (12288K)
 Metaspace       used 178753K, committed 180032K, reserved 1245184K
  class space    used 22938K, committed 23552K, reserved 1048576K
}
Event: 775.649 GC heap before
{Heap before GC invocations=119 (full 0):
 garbage-first heap   total 1392640K, used 290361K [0x0000000600000000, 0x0000000800000000)
  region size 4096K, 17 young (69632K), 3 survivors (12288K)
 Metaspace       used 181339K, committed 182592K, reserved 1245184K
  class space    used 23269K, committed 23872K, reserved 1048576K
}

