# JRE version: Java(TM) SE Runtime Environment (17.0.12+8) (build 17.0.12+8-LTS-286)
# Java VM: Java HotSpot(TM) 64-Bit Server VM (17.0.12+8-LTS-286, mixed mode, sharing, tiered, compressed oops, compressed class ptrs, g1 gc, windows-amd64)
GC Precious Log:
 CPUs: 2 total, 2 available
 Memory: 2013M
 Large Page Support: Disabled
 NUMA Support: Disabled
 Compressed Oops: Enabled (Zero based)
 Heap Region Size: 4M
 Heap Min Capacity: 8M
 Heap Initial Capacity: 32M
 Heap Max Capacity: 8G
 Pre-touch: Disabled
 Parallel Workers: 2
 Concurrent Workers: 1
 Concurrent Refinement Workers: 2
 Periodic GC: Disabled
Heap:
 garbage-first heap   total 413696K, used 98148K [0x0000000600000000, 0x0000000800000000)
  region size 4096K, 1 young (4096K), 1 survivors (4096K)
 Metaspace       used 94087K, committed 94848K, reserved 1179648K
  class space    used 13032K, committed 13376K, reserved 1048576K
GC Heap History (20 events):
Event: 103.186 GC heap after
{Heap after GC invocations=49 (full 0):
 garbage-first heap   total 167936K, used 55612K [0x0000000600000000, 0x0000000800000000)
  region size 4096K, 2 young (8192K), 2 survivors (8192K)
 Metaspace       used 59159K, committed 59776K, reserved 1114112K
  class space    used 8428K, committed 8704K, reserved 1048576K
}
Event: 103.359 GC heap before
{Heap before GC invocations=49 (full 0):
 garbage-first heap   total 167936K, used 59708K [0x0000000600000000, 0x0000000800000000)
  region size 4096K, 3 young (12288K), 2 survivors (8192K)
 Metaspace       used 59461K, committed 60096K, reserved 1114112K
  class space    used 8471K, committed 8768K, reserved 1048576K
}
Event: 103.653 GC heap after
{Heap after GC invocations=50 (full 0):
 garbage-first heap   total 167936K, used 55182K [0x0000000600000000, 0x0000000800000000)
  region size 4096K, 1 young (4096K), 1 survivors (4096K)
 Metaspace       used 59461K, committed 60096K, reserved 1114112K
  class space    used 8471K, committed 8768K, reserved 1048576K
}
Event: 117.061 GC heap before
{Heap before GC invocations=50 (full 0):
 garbage-first heap   total 167936K, used 120718K [0x0000000600000000, 0x0000000800000000)
  region size 4096K, 18 young (73728K), 1 survivors (4096K)
 Metaspace       used 66779K, committed 67456K, reserved 1114112K
  class space    used 9408K, committed 9728K, reserved 1048576K
}
Event: 117.185 GC heap after
{Heap after GC invocations=51 (full 0):
 garbage-first heap   total 167936K, used 57033K [0x0000000600000000, 0x0000000800000000)
  region size 4096K, 1 young (4096K), 1 survivors (4096K)
 Metaspace       used 66779K, committed 67456K, reserved 1114112K
  class space    used 9408K, committed 9728K, reserved 1048576K
}
Event: 123.227 GC heap before
{Heap before GC invocations=51 (full 0):
 garbage-first heap   total 167936K, used 147145K [0x0000000600000000, 0x0000000800000000)
  region size 4096K, 19 young (77824K), 1 survivors (4096K)
 Metaspace       used 74902K, committed 75648K, reserved 1114112K
  class space    used 10874K, committed 11200K, reserved 1048576K
}
Event: 123.389 GC heap after
{Heap after GC invocations=52 (full 0):
 garbage-first heap   total 167936K, used 71944K [0x0000000600000000, 0x0000000800000000)
  region size 4096K, 3 young (12288K), 3 survivors (12288K)
 Metaspace       used 74902K, committed 75648K, reserved 1114112K
  class space    used 10874K, committed 11200K, reserved 1048576K
}
Event: 124.744 GC heap before
{Heap before GC invocations=52 (full 0):
 garbage-first heap   total 167936K, used 117000K [0x0000000600000000, 0x0000000800000000)
  region size 4096K, 14 young (57344K), 3 survivors (12288K)
 Metaspace       used 75227K, committed 76032K, reserved 1114112K
  class space    used 10898K, committed 11264K, reserved 1048576K
}
Event: 124.890 GC heap after
{Heap after GC invocations=53 (full 0):
 garbage-first heap   total 167936K, used 76204K [0x0000000600000000, 0x0000000800000000)
  region size 4096K, 2 young (8192K), 2 survivors (8192K)
 Metaspace       used 75227K, committed 76032K, reserved 1114112K
  class space    used 10898K, committed 11264K, reserved 1048576K
}
Event: 125.591 GC heap before
{Heap before GC invocations=53 (full 0):
 garbage-first heap   total 167936K, used 88492K [0x0000000600000000, 0x0000000800000000)
  region size 4096K, 5 young (20480K), 2 survivors (8192K)
 Metaspace       used 76278K, committed 77056K, reserved 1179648K
  class space    used 11037K, committed 11392K, reserved 1048576K
}
Event: 125.661 GC heap after
{Heap after GC invocations=54 (full 0):
 garbage-first heap   total 413696K, used 79057K [0x0000000600000000, 0x0000000800000000)
  region size 4096K, 1 young (4096K), 1 survivors (4096K)
 Metaspace       used 76278K, committed 77056K, reserved 1179648K
  class space    used 11037K, committed 11392K, reserved 1048576K
}
Event: 134.296 GC heap before
{Heap before GC invocations=54 (full 0):
 garbage-first heap   total 413696K, used 144593K [0x0000000600000000, 0x0000000800000000)
  region size 4096K, 15 young (61440K), 1 survivors (4096K)
 Metaspace       used 81250K, committed 81984K, reserved 1179648K
  class space    used 11562K, committed 11904K, reserved 1048576K
}
Event: 134.414 GC heap after
{Heap after GC invocations=55 (full 0):
 garbage-first heap   total 413696K, used 91802K [0x0000000600000000, 0x0000000800000000)
  region size 4096K, 2 young (8192K), 2 survivors (8192K)
 Metaspace       used 81250K, committed 81984K, reserved 1179648K
  class space    used 11562K, committed 11904K, reserved 1048576K
}
Event: 139.289 GC heap before
{Heap before GC invocations=55 (full 0):
 garbage-first heap   total 413696K, used 136858K [0x0000000600000000, 0x0000000800000000)
  region size 4096K, 14 young (57344K), 2 survivors (8192K)
 Metaspace       used 86876K, committed 87616K, reserved 1179648K
  class space    used 12074K, committed 12416K, reserved 1048576K
}
Event: 139.540 GC heap after
{Heap after GC invocations=56 (full 0):
 garbage-first heap   total 413696K, used 94135K [0x0000000600000000, 0x0000000800000000)
  region size 4096K, 1 young (4096K), 1 survivors (4096K)
 Metaspace       used 86876K, committed 87616K, reserved 1179648K
  class space    used 12074K, committed 12416K, reserved 1048576K
}
Event: 146.222 GC heap before
{Heap before GC invocations=56 (full 0):
 garbage-first heap   total 413696K, used 110519K [0x0000000600000000, 0x0000000800000000)
  region size 4096K, 6 young (24576K), 1 survivors (4096K)
 Metaspace       used 89190K, committed 89920K, reserved 1179648K
  class space    used 12371K, committed 12672K, reserved 1048576K
}
Event: 146.620 GC heap after
{Heap after GC invocations=57 (full 0):
 garbage-first heap   total 413696K, used 94997K [0x0000000600000000, 0x0000000800000000)
  region size 4096K, 1 young (4096K), 1 survivors (4096K)
 Metaspace       used 89190K, committed 89920K, reserved 1179648K
  class space    used 12371K, committed 12672K, reserved 1048576K
}
Event: 154.139 GC heap before
{Heap before GC invocations=58 (full 0):
 garbage-first heap   total 413696K, used 152341K [0x0000000600000000, 0x0000000800000000)
  region size 4096K, 15 young (61440K), 1 survivors (4096K)
 Metaspace       used 93347K, committed 94080K, reserved 1179648K
  class space    used 12924K, committed 13248K, reserved 1048576K
}
Event: 154.271 GC heap after
{Heap after GC invocations=59 (full 0):
 garbage-first heap   total 413696K, used 99140K [0x0000000600000000, 0x0000000800000000)
  region size 4096K, 2 young (8192K), 2 survivors (8192K)
 Metaspace       used 93347K, committed 94080K, reserved 1179648K
  class space    used 12924K, committed 13248K, reserved 1048576K
}
Event: 155.529 GC heap before
{Heap before GC invocations=59 (full 0):
 garbage-first heap   total 413696K, used 111428K [0x0000000600000000, 0x0000000800000000)
  region size 4096K, 5 young (20480K), 2 survivors (8192K)
 Metaspace       used 94087K, committed 94848K, reserved 1179648K
  class space    used 13032K, committed 13376K, reserved 1048576K
}

