# JRE version: Java(TM) SE Runtime Environment (17.0.12+8) (build 17.0.12+8-LTS-286)
# Java VM: Java HotSpot(TM) 64-Bit Server VM (17.0.12+8-LTS-286, mixed mode, sharing, tiered, compressed oops, compressed class ptrs, g1 gc, windows-amd64)
GC Precious Log:
 CPUs: 2 total, 2 available
 Memory: 2013M
 Large Page Support: Disabled
 NUMA Support: Disabled
 Compressed Oops: Enabled (32-bit)
 Heap Region Size: 1M
 Heap Min Capacity: 8M
 Heap Initial Capacity: 32M
 Heap Max Capacity: 504M
 Pre-touch: Disabled
 Parallel Workers: 2
 Concurrent Workers: 1
 Concurrent Refinement Workers: 2
 Periodic GC: Disabled
Heap:
 garbage-first heap   total 32768K, used 4858K [0x00000000e0800000, 0x0000000100000000)
  region size 1024K, 6 young (6144K), 2 survivors (2048K)
 Metaspace       used 1983K, committed 2048K, reserved 1114112K
  class space    used 167K, committed 192K, reserved 1048576K
GC Heap History (6 events):
Event: 6.578 GC heap before
{Heap before GC invocations=0 (full 0):
 garbage-first heap   total 32768K, used 6144K [0x00000000e0800000, 0x0000000100000000)
  region size 1024K, 6 young (6144K), 0 survivors (0K)
 Metaspace       used 1724K, committed 1792K, reserved 1114112K
  class space    used 163K, committed 192K, reserved 1048576K
}
Event: 7.030 GC heap after
{Heap after GC invocations=1 (full 0):
 garbage-first heap   total 32768K, used 1218K [0x00000000e0800000, 0x0000000100000000)
  region size 1024K, 1 young (1024K), 1 survivors (1024K)
 Metaspace       used 1724K, committed 1792K, reserved 1114112K
  class space    used 163K, committed 192K, reserved 1048576K
}
Event: 7.750 GC heap before
{Heap before GC invocations=1 (full 0):
 garbage-first heap   total 32768K, used 6338K [0x00000000e0800000, 0x0000000100000000)
  region size 1024K, 7 young (7168K), 1 survivors (1024K)
 Metaspace       used 1774K, committed 1856K, reserved 1114112K
  class space    used 163K, committed 192K, reserved 1048576K
}
Event: 7.755 GC heap after
{Heap after GC invocations=2 (full 0):
 garbage-first heap   total 32768K, used 1610K [0x00000000e0800000, 0x0000000100000000)
  region size 1024K, 1 young (1024K), 1 survivors (1024K)
 Metaspace       used 1774K, committed 1856K, reserved 1114112K
  class space    used 163K, committed 192K, reserved 1048576K
}
Event: 9.910 GC heap before
{Heap before GC invocations=2 (full 0):
 garbage-first heap   total 32768K, used 10826K [0x00000000e0800000, 0x0000000100000000)
  region size 1024K, 11 young (11264K), 1 survivors (1024K)
 Metaspace       used 1923K, committed 1984K, reserved 1114112K
  class space    used 167K, committed 192K, reserved 1048576K
}
Event: 9.913 GC heap after
{Heap after GC invocations=3 (full 0):
 garbage-first heap   total 32768K, used 2810K [0x00000000e0800000, 0x0000000100000000)
  region size 1024K, 2 young (2048K), 2 survivors (2048K)
 Metaspace       used 1923K, committed 1984K, reserved 1114112K
  class space    used 167K, committed 192K, reserved 1048576K
}

