# JRE version: Java(TM) SE Runtime Environment (17.0.12+8) (build 17.0.12+8-LTS-286)
# Java VM: Java HotSpot(TM) 64-Bit Server VM (17.0.12+8-LTS-286, mixed mode, sharing, tiered, compressed oops, compressed class ptrs, g1 gc, windows-amd64)
GC Precious Log:
 CPUs: 2 total, 2 available
 Memory: 2013M
 Large Page Support: Disabled
 NUMA Support: Disabled
 Compressed Oops: Enabled (Zero based)
 Heap Region Size: 4M
 Heap Min Capacity: 8M
 Heap Initial Capacity: 32M
 Heap Max Capacity: 8G
 Pre-touch: Disabled
 Parallel Workers: 2
 Concurrent Workers: 1
 Concurrent Refinement Workers: 2
 Periodic GC: Disabled
Heap:
 garbage-first heap   total 2351104K, used 1286540K [0x0000000600000000, 0x0000000800000000)
  region size 4096K, 1 young (4096K), 1 survivors (4096K)
 Metaspace       used 136083K, committed 137728K, reserved 1179648K
  class space    used 17748K, committed 18560K, reserved 1048576K
GC Heap History (20 events):
Event: 2092.063 GC heap after
{Heap after GC invocations=118 (full 0):
 garbage-first heap   total 1007616K, used 197989K [0x0000000600000000, 0x0000000800000000)
  region size 4096K, 1 young (4096K), 1 survivors (4096K)
 Metaspace       used 132951K, committed 134528K, reserved 1179648K
  class space    used 17550K, committed 18368K, reserved 1048576K
}
Event: 2475.469 GC heap before
{Heap before GC invocations=118 (full 0):
 garbage-first heap   total 1007616K, used 300389K [0x0000000600000000, 0x0000000800000000)
  region size 4096K, 27 young (110592K), 1 survivors (4096K)
 Metaspace       used 133060K, committed 134592K, reserved 1179648K
  class space    used 17554K, committed 18368K, reserved 1048576K
}
Event: 2475.753 GC heap after
{Heap after GC invocations=119 (full 0):
 garbage-first heap   total 1007616K, used 204157K [0x0000000600000000, 0x0000000800000000)
  region size 4096K, 3 young (12288K), 3 survivors (12288K)
 Metaspace       used 133060K, committed 134592K, reserved 1179648K
  class space    used 17554K, committed 18368K, reserved 1048576K
}
Event: 2485.708 GC heap before
{Heap before GC invocations=119 (full 0):
 garbage-first heap   total 1007616K, used 241021K [0x0000000600000000, 0x0000000800000000)
  region size 4096K, 12 young (49152K), 3 survivors (12288K)
 Metaspace       used 133094K, committed 134656K, reserved 1179648K
  class space    used 17554K, committed 18368K, reserved 1048576K
}
Event: 2485.875 GC heap after
{Heap after GC invocations=120 (full 0):
 garbage-first heap   total 1007616K, used 206797K [0x0000000600000000, 0x0000000800000000)
  region size 4096K, 1 young (4096K), 1 survivors (4096K)
 Metaspace       used 133094K, committed 134656K, reserved 1179648K
  class space    used 17554K, committed 18368K, reserved 1048576K
}
Event: 2652.850 GC heap before
{Heap before GC invocations=120 (full 0):
 garbage-first heap   total 1007616K, used 522189K [0x0000000600000000, 0x0000000800000000)
  region size 4096K, 22 young (90112K), 1 survivors (4096K)
 Metaspace       used 133342K, committed 134976K, reserved 1179648K
  class space    used 17577K, committed 18368K, reserved 1048576K
}
Event: 2655.799 GC heap after
{Heap after GC invocations=121 (full 0):
 garbage-first heap   total 1007616K, used 247235K [0x0000000600000000, 0x0000000800000000)
  region size 4096K, 2 young (8192K), 2 survivors (8192K)
 Metaspace       used 133342K, committed 134976K, reserved 1179648K
  class space    used 17577K, committed 18368K, reserved 1048576K
}
Event: 2662.685 GC heap before
{Heap before GC invocations=121 (full 0):
 garbage-first heap   total 1007616K, used 452035K [0x0000000600000000, 0x0000000800000000)
  region size 4096K, 3 young (12288K), 2 survivors (8192K)
 Metaspace       used 133342K, committed 134976K, reserved 1179648K
  class space    used 17577K, committed 18368K, reserved 1048576K
}
Event: 2663.138 GC heap after
{Heap after GC invocations=122 (full 0):
 garbage-first heap   total 1007616K, used 346236K [0x0000000600000000, 0x0000000800000000)
  region size 4096K, 1 young (4096K), 1 survivors (4096K)
 Metaspace       used 133342K, committed 134976K, reserved 1179648K
  class space    used 17577K, committed 18368K, reserved 1048576K
}
Event: 2677.024 GC heap before
{Heap before GC invocations=122 (full 0):
 garbage-first heap   total 1007616K, used 612476K [0x0000000600000000, 0x0000000800000000)
  region size 4096K, 2 young (8192K), 1 survivors (4096K)
 Metaspace       used 133343K, committed 134976K, reserved 1179648K
  class space    used 17577K, committed 18368K, reserved 1048576K
}
Event: 2678.938 GC heap after
{Heap after GC invocations=123 (full 0):
 garbage-first heap   total 1007616K, used 476973K [0x0000000600000000, 0x0000000800000000)
  region size 4096K, 1 young (4096K), 1 survivors (4096K)
 Metaspace       used 133343K, committed 134976K, reserved 1179648K
  class space    used 17577K, committed 18368K, reserved 1048576K
}
Event: 2857.263 GC heap before
{Heap before GC invocations=124 (full 0):
 garbage-first heap   total 2351104K, used 2160429K [0x0000000600000000, 0x0000000800000000)
  region size 4096K, 12 young (49152K), 1 survivors (4096K)
 Metaspace       used 133420K, committed 135040K, reserved 1179648K
  class space    used 17585K, committed 18368K, reserved 1048576K
}
Event: 2863.476 GC heap after
{Heap after GC invocations=125 (full 0):
 garbage-first heap   total 2351104K, used 1301798K [0x0000000600000000, 0x0000000800000000)
  region size 4096K, 1 young (4096K), 1 survivors (4096K)
 Metaspace       used 133420K, committed 135040K, reserved 1179648K
  class space    used 17585K, committed 18368K, reserved 1048576K
}
Event: 2868.255 GC heap before
{Heap before GC invocations=125 (full 0):
 garbage-first heap   total 2351104K, used 1412390K [0x0000000600000000, 0x0000000800000000)
  region size 4096K, 28 young (114688K), 1 survivors (4096K)
 Metaspace       used 133420K, committed 135040K, reserved 1179648K
  class space    used 17585K, committed 18368K, reserved 1048576K
}
Event: 2871.057 GC heap after
{Heap after GC invocations=126 (full 0):
 garbage-first heap   total 2351104K, used 1299078K [0x0000000600000000, 0x0000000800000000)
  region size 4096K, 1 young (4096K), 1 survivors (4096K)
 Metaspace       used 133420K, committed 135040K, reserved 1179648K
  class space    used 17585K, committed 18368K, reserved 1048576K
}
Event: 2873.102 GC heap before
{Heap before GC invocations=126 (full 0):
 garbage-first heap   total 2351104K, used 1409670K [0x0000000600000000, 0x0000000800000000)
  region size 4096K, 28 young (114688K), 1 survivors (4096K)
 Metaspace       used 133420K, committed 135040K, reserved 1179648K
  class space    used 17585K, committed 18368K, reserved 1048576K
}
Event: 2873.179 GC heap after
{Heap after GC invocations=127 (full 0):
 garbage-first heap   total 2351104K, used 1296355K [0x0000000600000000, 0x0000000800000000)
  region size 4096K, 2 young (8192K), 2 survivors (8192K)
 Metaspace       used 133420K, committed 135040K, reserved 1179648K
  class space    used 17585K, committed 18368K, reserved 1048576K
}
Event: 2873.932 GC heap before
{Heap before GC invocations=127 (full 0):
 garbage-first heap   total 2351104K, used 1402851K [0x0000000600000000, 0x0000000800000000)
  region size 4096K, 28 young (114688K), 2 survivors (8192K)
 Metaspace       used 133420K, committed 135040K, reserved 1179648K
  class space    used 17585K, committed 18368K, reserved 1048576K
}
Event: 2874.241 GC heap after
{Heap after GC invocations=128 (full 0):
 garbage-first heap   total 2351104K, used 1293670K [0x0000000600000000, 0x0000000800000000)
  region size 4096K, 2 young (8192K), 2 survivors (8192K)
 Metaspace       used 133420K, committed 135040K, reserved 1179648K
  class space    used 17585K, committed 18368K, reserved 1048576K
}
Event: 2892.399 GC heap before
{Heap before GC invocations=128 (full 0):
 garbage-first heap   total 2351104K, used 1400166K [0x0000000600000000, 0x0000000800000000)
  region size 4096K, 28 young (114688K), 2 survivors (8192K)
 Metaspace       used 136083K, committed 137728K, reserved 1179648K
  class space    used 17748K, committed 18560K, reserved 1048576K
}

